<?xml version="1.0" encoding="UTF-8"?>
<!-- Generated by org.testng.reporters.JUnitXMLReporter -->
<testsuite hostname="DESKTOP-4U23M04" name="Test Maven Testing" tests="12" failures="0" timestamp="22 Jul 2019 07:54:14 GMT" time="0.069" errors="0">
  <testcase name="div" time="0.02" classname="com.tech.appa.DemoTest"/>
  <testcase name="multi" time="0.002" classname="com.tech.appa.DemoTest"/>
  <testcase name="sub" time="0.001" classname="com.tech.appa.DemoTest"/>
  <testcase name="sum" time="0.001" classname="com.tech.appa.DemoTest"/>
  <testcase name="div" time="0.0" classname="com.tech.appa.DemoTest1"/>
  <testcase name="multi" time="0.001" classname="com.tech.appa.DemoTest1"/>
  <testcase name="sub" time="0.0" classname="com.tech.appa.DemoTest1"/>
  <testcase name="sum" time="0.0" classname="com.tech.appa.DemoTest1"/>
  <testcase name="div" time="0.0" classname="com.tech.appa.DemoTest2"/>
  <testcase name="multi" time="0.0" classname="com.tech.appa.DemoTest2"/>
  <testcase name="sub" time="0.0" classname="com.tech.appa.DemoTest2"/>
  <testcase name="sum" time="0.0" classname="com.tech.appa.DemoTest2"/>
</testsuite> <!-- Test Maven Testing -->
