<?xml version="1.0" encoding="UTF-8"?>
<!-- Generated by org.testng.reporters.JUnitXMLReporter -->
<testsuite hostname="DESKTOP-4U23M04" name="Default test" tests="4" failures="0" timestamp="22 Jul 2019 05:49:24 GMT" time="0.122" errors="0">
  <testcase name="div" time="0.069" classname="com.tech.appa.DemoTest"/>
  <testcase name="multi" time="0.006" classname="com.tech.appa.DemoTest"/>
  <testcase name="sub" time="0.007" classname="com.tech.appa.DemoTest"/>
  <testcase name="sum" time="0.004" classname="com.tech.appa.DemoTest"/>
</testsuite> <!-- Default test -->
