<?xml version="1.0" encoding="UTF-8"?>
<testng-results skipped="0" failed="0" total="12" passed="12">
  <reporter-output>
  </reporter-output>
  <suite name="Test Maven Suite" duration-ms="69" started-at="2019-07-22T07:54:14Z" finished-at="2019-07-22T07:54:14Z">
    <groups>
    </groups>
    <test name="Test Maven Testing" duration-ms="69" started-at="2019-07-22T07:54:14Z" finished-at="2019-07-22T07:54:14Z">
      <class name="com.tech.appa.DemoTest">
        <test-method status="PASS" signature="div()[pri:0, instance:com.tech.appa.DemoTest@4e04a765]" name="div" duration-ms="20" started-at="2019-07-22T13:24:14Z" finished-at="2019-07-22T13:24:14Z">
          <reporter-output>
          </reporter-output>
        </test-method> <!-- div -->
        <test-method status="PASS" signature="multi()[pri:0, instance:com.tech.appa.DemoTest@4e04a765]" name="multi" duration-ms="2" started-at="2019-07-22T13:24:14Z" finished-at="2019-07-22T13:24:14Z">
          <reporter-output>
          </reporter-output>
        </test-method> <!-- multi -->
        <test-method status="PASS" signature="sub()[pri:0, instance:com.tech.appa.DemoTest@4e04a765]" name="sub" duration-ms="1" started-at="2019-07-22T13:24:14Z" finished-at="2019-07-22T13:24:14Z">
          <reporter-output>
          </reporter-output>
        </test-method> <!-- sub -->
        <test-method status="PASS" signature="sum()[pri:0, instance:com.tech.appa.DemoTest@4e04a765]" name="sum" duration-ms="1" started-at="2019-07-22T13:24:14Z" finished-at="2019-07-22T13:24:14Z">
          <reporter-output>
          </reporter-output>
        </test-method> <!-- sum -->
      </class> <!-- com.tech.appa.DemoTest -->
      <class name="com.tech.appa.DemoTest1">
        <test-method status="PASS" signature="div()[pri:0, instance:com.tech.appa.DemoTest1@13fee20c]" name="div" duration-ms="0" started-at="2019-07-22T13:24:14Z" finished-at="2019-07-22T13:24:14Z">
          <reporter-output>
          </reporter-output>
        </test-method> <!-- div -->
        <test-method status="PASS" signature="multi()[pri:0, instance:com.tech.appa.DemoTest1@13fee20c]" name="multi" duration-ms="1" started-at="2019-07-22T13:24:14Z" finished-at="2019-07-22T13:24:14Z">
          <reporter-output>
          </reporter-output>
        </test-method> <!-- multi -->
        <test-method status="PASS" signature="sub()[pri:0, instance:com.tech.appa.DemoTest1@13fee20c]" name="sub" duration-ms="0" started-at="2019-07-22T13:24:14Z" finished-at="2019-07-22T13:24:14Z">
          <reporter-output>
          </reporter-output>
        </test-method> <!-- sub -->
        <test-method status="PASS" signature="sum()[pri:0, instance:com.tech.appa.DemoTest1@13fee20c]" name="sum" duration-ms="0" started-at="2019-07-22T13:24:14Z" finished-at="2019-07-22T13:24:14Z">
          <reporter-output>
          </reporter-output>
        </test-method> <!-- sum -->
      </class> <!-- com.tech.appa.DemoTest1 -->
      <class name="com.tech.appa.DemoTest2">
        <test-method status="PASS" signature="sub()[pri:0, instance:com.tech.appa.DemoTest2@5ebec15]" name="sub" duration-ms="0" started-at="2019-07-22T13:24:14Z" finished-at="2019-07-22T13:24:14Z">
          <reporter-output>
          </reporter-output>
        </test-method> <!-- sub -->
        <test-method status="PASS" signature="div()[pri:0, instance:com.tech.appa.DemoTest2@5ebec15]" name="div" duration-ms="0" started-at="2019-07-22T13:24:14Z" finished-at="2019-07-22T13:24:14Z">
          <reporter-output>
          </reporter-output>
        </test-method> <!-- div -->
        <test-method status="PASS" signature="sum()[pri:0, instance:com.tech.appa.DemoTest2@5ebec15]" name="sum" duration-ms="0" started-at="2019-07-22T13:24:14Z" finished-at="2019-07-22T13:24:14Z">
          <reporter-output>
          </reporter-output>
        </test-method> <!-- sum -->
        <test-method status="PASS" signature="multi()[pri:0, instance:com.tech.appa.DemoTest2@5ebec15]" name="multi" duration-ms="0" started-at="2019-07-22T13:24:14Z" finished-at="2019-07-22T13:24:14Z">
          <reporter-output>
          </reporter-output>
        </test-method> <!-- multi -->
      </class> <!-- com.tech.appa.DemoTest2 -->
    </test> <!-- Test Maven Testing -->
  </suite> <!-- Test Maven Suite -->
</testng-results>
